<?xml version="1.0" encoding="UTF-8"?>
<testng-results ignored="0" total="1" passed="1" failed="0" skipped="0">
  <reporter-output>
    <line>
      <![CDATA[Hi]]>
    </line>
  </reporter-output>
  <suite started-at="2022-08-17T17:22:48 IST" name="Default suite" finished-at="2022-08-17T17:22:48 IST" duration-ms="64">
    <groups>
    </groups>
    <test started-at="2022-08-17T17:22:48 IST" name="Default test" finished-at="2022-08-17T17:22:48 IST" duration-ms="64">
      <class name="TestNG.Rporter">
        <test-method signature="TC()[pri:0, instance:TestNG.Rporter@10959ece]" started-at="2022-08-17T17:22:48 IST" name="TC" finished-at="2022-08-17T17:22:48 IST" duration-ms="14" status="PASS">
          <reporter-output>
            <line>
              <![CDATA[Hi]]>
            </line>
          </reporter-output>
        </test-method> <!-- TC -->
      </class> <!-- TestNG.Rporter -->
    </test> <!-- Default test -->
  </suite> <!-- Default suite -->
</testng-results>
